

Microchip MPLAB XC8 Assembler V2.40 build 20220703182018 
                                                                                               Thu May 04 15:39:32 2023

Microchip MPLAB XC8 C Compiler v2.40 (Free license) build 20220703182018 Og9 
     1                           	processor	18F45K50
     2                           	fnconf	rparam,??,?,0
     3                           	pagewidth 120
     4                           	opt	flic
     5                           	psect	cinit,global,reloc=2,class=CODE,delta=1
     6                           	psect	cstackCOMRAM,global,class=COMRAM,space=1,delta=1,lowdata,noexec
     7                           	psect	text0,global,reloc=2,class=CODE,delta=1
     8                           	psect	text1,global,reloc=2,class=CODE,delta=1
     9                           	psect	intsave_regs,global,class=BIGRAM,space=1,delta=1,noexec
    10                           	psect	rparam,global,class=COMRAM,space=1,delta=1,noexec
    11                           	psect	idloc,global,abs,ovrld,class=IDLOC,space=5,delta=1,noexec
    12                           	psect	config,global,abs,ovrld,class=CONFIG,space=4,delta=1,noexec
    13   000000                     
    14                           ; Version 2.40
    15                           ; Generated 04/07/2022 GMT
    16                           ; 
    17                           ; Copyright © 2022, Microchip Technology Inc. and its subsidiaries ("Microchip")
    18                           ; All rights reserved.
    19                           ; 
    20                           ; This software is developed by Microchip Technology Inc. and its subsidiaries ("Microch
      +                          ip").
    21                           ; 
    22                           ; Redistribution and use in source and binary forms, with or without modification, are
    23                           ; permitted provided that the following conditions are met:
    24                           ; 
    25                           ;     1. Redistributions of source code must retain the above copyright notice, this lis
      +                          t of
    26                           ;        conditions and the following disclaimer.
    27                           ; 
    28                           ;     2. Redistributions in binary form must reproduce the above copyright notice, this 
      +                          list
    29                           ;        of conditions and the following disclaimer in the documentation and/or other
    30                           ;        materials provided with the distribution. Publication is not required when
    31                           ;        this file is used in an embedded application.
    32                           ; 
    33                           ;     3. Microchip's name may not be used to endorse or promote products derived from th
      +                          is
    34                           ;        software without specific prior written permission.
    35                           ; 
    36                           ; THIS SOFTWARE IS PROVIDED BY MICROCHIP "AS IS" AND ANY EXPRESS OR IMPLIED WARRANTIES,
    37                           ; INCLUDING, BUT NOT LIMITED TO, THE IMPLIED WARRANTIES OF MERCHANTABILITY AND FITNESS F
      +                          OR
    38                           ; PURPOSE ARE DISCLAIMED.  IN NO EVENT SHALL MICROCHIP BE LIABLE FOR ANY DIRECT, INDIREC
      +                          T,
    39                           ; INCIDENTAL, SPECIAL, EXEMPLARY, OR CONSEQUENTIAL DAMAGES (INCLUDING BUT NOT LIMITED TO
    40                           ; PROCUREMENT OF SUBSTITUTE GOODS OR SERVICES; LOSS OF USE, DATA OR PROFITS; OR BUSINESS
    41                           ; INTERRUPTION) HOWSOEVER CAUSED AND ON ANY THEORY OF LIABILITY, WHETHER IN CONTRACT, ST
      +                          RICT
    42                           ; LIABILITY, OR TORT (INCLUDING NEGLIGENCE OR OTHERWISE) ARISING IN ANY WAY OUT OF THE U
      +                          SE OF
    43                           ; THIS SOFTWARE, EVEN IF ADVISED OF THE POSSIBILITY OF SUCH DAMAGE.
    44                           ; 
    45                           ; 
    46                           ; Code-generator required, PIC18F45K50 Definitions
    47                           ; 
    48                           ; SFR Addresses
    49   000000                     _TXREG	set	4013
    50   000000                     _RCREG	set	4014
    51   000000                     _SPBRG	set	4015
    52   000000                     _TRMT	set	32097
    53   000000                     _TRISC7	set	31911
    54   000000                     _TRISC6	set	31910
    55   000000                     _RCSTA	set	4011
    56   000000                     _TXSTA	set	4012
    57   000000                     _RCIF	set	31989
    58   000000                     _BAUDCON	set	4024
    59                           
    60                           ; #config settings
    61                           
    62                           	psect	cinit
    63   007F7C                     __pcinit:
    64                           	callstack 0
    65   007F7C                     start_initialization:
    66                           	callstack 0
    67   007F7C                     __initialization:
    68                           	callstack 0
    69   007F7C                     end_of_initialization:
    70                           	callstack 0
    71   007F7C                     __end_of__initialization:
    72                           	callstack 0
    73   007F7C  0100               	movlb	0
    74   007F7E  EFC7  F03F         	goto	_main	;jump to C main() function
    75                           
    76                           	psect	cstackCOMRAM
    77   000001                     __pcstackCOMRAM:
    78                           	callstack 0
    79   000001                     Transmitir@BufferT:
    80                           	callstack 0
    81                           
    82                           ; 1 bytes @ 0x0
    83   000001                     	ds	1
    84   000002                     ??_main:
    85                           
    86                           ; 1 bytes @ 0x1
    87   000002                     	ds	2
    88                           
    89 ;;
    90 ;;Main: autosize = 0, tempsize = 2, incstack = 0, save=0
    91 ;;
    92 ;; *************** function _main *****************
    93 ;; Defined at:
    94 ;;		line 8 in file "Lab1G1_C.c"
    95 ;; Parameters:    Size  Location     Type
    96 ;;		None
    97 ;; Auto vars:     Size  Location     Type
    98 ;;  BufferR         1    0        unsigned char 
    99 ;; Return value:  Size  Location     Type
   100 ;;                  1    wreg      void 
   101 ;; Registers used:
   102 ;;		wreg, status,2, cstack
   103 ;; Tracked objects:
   104 ;;		On entry : 0/0
   105 ;;		On exit  : 0/0
   106 ;;		Unchanged: 0/0
   107 ;; Data sizes:     COMRAM   BANK0   BANK1   BANK2   BANK3   BANK4   BANK5   BANK6   BANK7
   108 ;;      Params:         0       0       0       0       0       0       0       0       0
   109 ;;      Locals:         0       0       0       0       0       0       0       0       0
   110 ;;      Temps:          2       0       0       0       0       0       0       0       0
   111 ;;      Totals:         2       0       0       0       0       0       0       0       0
   112 ;;Total ram usage:        2 bytes
   113 ;; Hardware stack levels required when called: 1
   114 ;; This function calls:
   115 ;;		_Transmitir
   116 ;; This function is called by:
   117 ;;		Startup code after reset
   118 ;; This function uses a non-reentrant model
   119 ;;
   120                           
   121                           	psect	text0
   122   007F8E                     __ptext0:
   123                           	callstack 0
   124   007F8E                     _main:
   125                           	callstack 30
   126                           
   127                           ;Lab1G1_C.c: 9: unsigned char BufferR;;Lab1G1_C.c: 10: TRISC6=1;
   128                           
   129                           ;incstack = 0
   130   007F8E  8C94               	bsf	3988,6,c	;volatile
   131                           
   132                           ;Lab1G1_C.c: 11: TRISC7=1;
   133   007F90  8E94               	bsf	3988,7,c	;volatile
   134                           
   135                           ;Lab1G1_C.c: 12: TXSTA=0b00100100;
   136   007F92  0E24               	movlw	36
   137   007F94  6EAC               	movwf	172,c	;volatile
   138                           
   139                           ;Lab1G1_C.c: 13: RCSTA=0b10010000;
   140   007F96  0E90               	movlw	144
   141   007F98  6EAB               	movwf	171,c	;volatile
   142                           
   143                           ;Lab1G1_C.c: 14: SPBRG=25;
   144   007F9A  0E19               	movlw	25
   145   007F9C  6EAF               	movwf	175,c	;volatile
   146                           
   147                           ;Lab1G1_C.c: 15: BAUDCON=0b00001000;
   148   007F9E  0E08               	movlw	8
   149   007FA0  6EB8               	movwf	184,c	;volatile
   150   007FA2  50AE               	movf	174,w,c	;volatile
   151                           
   152                           ;Lab1G1_C.c: 17: RCIF=0;
   153   007FA4  9A9E               	bcf	3998,5,c	;volatile
   154   007FA6                     l810:
   155                           
   156                           ;Lab1G1_C.c: 24: Transmitir('H');
   157   007FA6  0E48               	movlw	72
   158   007FA8  ECC1  F03F         	call	_Transmitir
   159                           
   160                           ;Lab1G1_C.c: 25: Transmitir('o');
   161   007FAC  0E6F               	movlw	111
   162   007FAE  ECC1  F03F         	call	_Transmitir
   163                           
   164                           ;Lab1G1_C.c: 26: Transmitir('l');
   165   007FB2  0E6C               	movlw	108
   166   007FB4  ECC1  F03F         	call	_Transmitir
   167                           
   168                           ;Lab1G1_C.c: 27: Transmitir('a');
   169   007FB8  0E61               	movlw	97
   170   007FBA  ECC1  F03F         	call	_Transmitir
   171                           
   172                           ;Lab1G1_C.c: 28: Transmitir(' ');
   173   007FBE  0E20               	movlw	32
   174   007FC0  ECC1  F03F         	call	_Transmitir
   175                           
   176                           ;Lab1G1_C.c: 29: Transmitir('m');
   177   007FC4  0E6D               	movlw	109
   178   007FC6  ECC1  F03F         	call	_Transmitir
   179                           
   180                           ;Lab1G1_C.c: 30: Transmitir('u');
   181   007FCA  0E75               	movlw	117
   182   007FCC  ECC1  F03F         	call	_Transmitir
   183                           
   184                           ;Lab1G1_C.c: 31: Transmitir('n');
   185   007FD0  0E6E               	movlw	110
   186   007FD2  ECC1  F03F         	call	_Transmitir
   187                           
   188                           ;Lab1G1_C.c: 32: Transmitir('d');
   189   007FD6  0E64               	movlw	100
   190   007FD8  ECC1  F03F         	call	_Transmitir
   191                           
   192                           ;Lab1G1_C.c: 33: Transmitir('o');
   193   007FDC  0E6F               	movlw	111
   194   007FDE  ECC1  F03F         	call	_Transmitir
   195                           
   196                           ;Lab1G1_C.c: 34: Transmitir('\n');
   197   007FE2  0E0A               	movlw	10
   198   007FE4  ECC1  F03F         	call	_Transmitir
   199                           
   200                           ;Lab1G1_C.c: 35: _delay((unsigned long)((1000)*(1000000/4000.0)));
   201   007FE8  0E02               	movlw	2
   202   007FEA  6E03               	movwf	(??_main+1)^0,c
   203   007FEC  0E45               	movlw	69
   204   007FEE  6E02               	movwf	??_main^0,c
   205   007FF0  0EAA               	movlw	170
   206   007FF2                     u27:
   207   007FF2  2EE8               	decfsz	wreg,f,c
   208   007FF4  D7FE               	bra	u27
   209   007FF6  2E02               	decfsz	??_main^0,f,c
   210   007FF8  D7FC               	bra	u27
   211   007FFA  2E03               	decfsz	(??_main+1)^0,f,c
   212   007FFC  D7FA               	bra	u27
   213   007FFE  D7D3               	goto	l810
   214   008000                     __end_of_main:
   215                           	callstack 0
   216                           
   217 ;; *************** function _Transmitir *****************
   218 ;; Defined at:
   219 ;;		line 38 in file "Lab1G1_C.c"
   220 ;; Parameters:    Size  Location     Type
   221 ;;  BufferT         1    wreg     unsigned char 
   222 ;; Auto vars:     Size  Location     Type
   223 ;;  BufferT         1    0[COMRAM] unsigned char 
   224 ;; Return value:  Size  Location     Type
   225 ;;                  1    wreg      void 
   226 ;; Registers used:
   227 ;;		wreg
   228 ;; Tracked objects:
   229 ;;		On entry : 0/0
   230 ;;		On exit  : 0/0
   231 ;;		Unchanged: 0/0
   232 ;; Data sizes:     COMRAM   BANK0   BANK1   BANK2   BANK3   BANK4   BANK5   BANK6   BANK7
   233 ;;      Params:         0       0       0       0       0       0       0       0       0
   234 ;;      Locals:         1       0       0       0       0       0       0       0       0
   235 ;;      Temps:          0       0       0       0       0       0       0       0       0
   236 ;;      Totals:         1       0       0       0       0       0       0       0       0
   237 ;;Total ram usage:        1 bytes
   238 ;; Hardware stack levels used: 1
   239 ;; This function calls:
   240 ;;		Nothing
   241 ;; This function is called by:
   242 ;;		_main
   243 ;; This function uses a non-reentrant model
   244 ;;
   245                           
   246                           	psect	text1
   247   007F82                     __ptext1:
   248                           	callstack 0
   249   007F82                     _Transmitir:
   250                           	callstack 30
   251                           
   252                           ;incstack = 0
   253                           ;Transmitir@BufferT stored from wreg
   254   007F82  6E01               	movwf	Transmitir@BufferT^0,c
   255   007F84                     
   256                           ;Lab1G1_C.c: 39: while(TRMT==0);
   257   007F84  A2AC               	btfss	4012,1,c	;volatile
   258   007F86  D7FE               	goto	l798
   259                           
   260                           ;Lab1G1_C.c: 40: TXREG=BufferT;
   261   007F88  C001  FFAD         	movff	Transmitir@BufferT,4013	;volatile
   262   007F8C  0012               	return		;funcret
   263   007F8E                     __end_of_Transmitir:
   264                           	callstack 0
   265   000000                     
   266                           	psect	rparam
   267   000000                     
   268                           	psect	idloc
   269                           
   270                           ;Config register IDLOC0 @ 0x200000
   271                           ;	unspecified, using default values
   272   200000                     	org	2097152
   273   200000  FF                 	db	255
   274                           
   275                           ;Config register IDLOC1 @ 0x200001
   276                           ;	unspecified, using default values
   277   200001                     	org	2097153
   278   200001  FF                 	db	255
   279                           
   280                           ;Config register IDLOC2 @ 0x200002
   281                           ;	unspecified, using default values
   282   200002                     	org	2097154
   283   200002  FF                 	db	255
   284                           
   285                           ;Config register IDLOC3 @ 0x200003
   286                           ;	unspecified, using default values
   287   200003                     	org	2097155
   288   200003  FF                 	db	255
   289                           
   290                           ;Config register IDLOC4 @ 0x200004
   291                           ;	unspecified, using default values
   292   200004                     	org	2097156
   293   200004  FF                 	db	255
   294                           
   295                           ;Config register IDLOC5 @ 0x200005
   296                           ;	unspecified, using default values
   297   200005                     	org	2097157
   298   200005  FF                 	db	255
   299                           
   300                           ;Config register IDLOC6 @ 0x200006
   301                           ;	unspecified, using default values
   302   200006                     	org	2097158
   303   200006  FF                 	db	255
   304                           
   305                           ;Config register IDLOC7 @ 0x200007
   306                           ;	unspecified, using default values
   307   200007                     	org	2097159
   308   200007  FF                 	db	255
   309                           
   310                           	psect	config
   311                           
   312                           ;Config register CONFIG1L @ 0x300000
   313                           ;	unspecified, using default values
   314                           ;	PLL Selection
   315                           ;	PLLSEL = 0x0, unprogrammed default
   316                           ;	PLL Enable Configuration bit
   317                           ;	CFGPLLEN = 0x0, unprogrammed default
   318                           ;	CPU System Clock Postscaler
   319                           ;	CPUDIV = 0x0, unprogrammed default
   320                           ;	Low Speed USB mode with 48 MHz system clock
   321                           ;	LS48MHZ = 0x0, unprogrammed default
   322   300000                     	org	3145728
   323   300000  00                 	db	0
   324                           
   325                           ;Config register CONFIG1H @ 0x300001
   326                           ;	Oscillator Selection
   327                           ;	FOSC = INTOSCIO, Internal oscillator
   328                           ;	Primary Oscillator Shutdown
   329                           ;	PCLKEN = 0x1, unprogrammed default
   330                           ;	Fail-Safe Clock Monitor
   331                           ;	FCMEN = 0x0, unprogrammed default
   332                           ;	Internal/External Oscillator Switchover
   333                           ;	IESO = 0x0, unprogrammed default
   334   300001                     	org	3145729
   335   300001  28                 	db	40
   336                           
   337                           ;Config register CONFIG2L @ 0x300002
   338                           ;	unspecified, using default values
   339                           ;	Power-up Timer Enable
   340                           ;	nPWRTEN = 0x1, unprogrammed default
   341                           ;	Brown-out Reset Enable
   342                           ;	BOREN = 0x3, unprogrammed default
   343                           ;	Brown-out Reset Voltage
   344                           ;	BORV = 0x3, unprogrammed default
   345                           ;	Low-Power Brown-out Reset
   346                           ;	nLPBOR = 0x1, unprogrammed default
   347   300002                     	org	3145730
   348   300002  5F                 	db	95
   349                           
   350                           ;Config register CONFIG2H @ 0x300003
   351                           ;	Watchdog Timer Enable bits
   352                           ;	WDTEN = OFF, WDT disabled in hardware (SWDTEN ignored)
   353                           ;	Watchdog Timer Postscaler
   354                           ;	WDTPS = 0xF, unprogrammed default
   355   300003                     	org	3145731
   356   300003  3C                 	db	60
   357                           
   358                           ; Padding undefined space
   359   300004                     	org	3145732
   360   300004  FF                 	db	255
   361                           
   362                           ;Config register CONFIG3H @ 0x300005
   363                           ;	unspecified, using default values
   364                           ;	CCP2 MUX bit
   365                           ;	CCP2MX = 0x1, unprogrammed default
   366                           ;	PORTB A/D Enable bit
   367                           ;	PBADEN = 0x1, unprogrammed default
   368                           ;	Timer3 Clock Input MUX bit
   369                           ;	T3CMX = 0x1, unprogrammed default
   370                           ;	SDO Output MUX bit
   371                           ;	SDOMX = 0x1, unprogrammed default
   372                           ;	Master Clear Reset Pin Enable
   373                           ;	MCLRE = 0x1, unprogrammed default
   374   300005                     	org	3145733
   375   300005  D3                 	db	211
   376                           
   377                           ;Config register CONFIG4L @ 0x300006
   378                           ;	unspecified, using default values
   379                           ;	Stack Full/Underflow Reset
   380                           ;	STVREN = 0x1, unprogrammed default
   381                           ;	Single-Supply ICSP Enable bit
   382                           ;	LVP = 0x1, unprogrammed default
   383                           ;	Dedicated In-Circuit Debug/Programming Port Enable
   384                           ;	ICPRT = 0x0, unprogrammed default
   385                           ;	Extended Instruction Set Enable bit
   386                           ;	XINST = 0x0, unprogrammed default
   387                           ;	Background Debugger Enable bit
   388                           ;	DEBUG = 0x1, unprogrammed default
   389   300006                     	org	3145734
   390   300006  85                 	db	133
   391                           
   392                           ; Padding undefined space
   393   300007                     	org	3145735
   394   300007  FF                 	db	255
   395                           
   396                           ;Config register CONFIG5L @ 0x300008
   397                           ;	unspecified, using default values
   398                           ;	Block 0 Code Protect
   399                           ;	CP0 = 0x1, unprogrammed default
   400                           ;	Block 1 Code Protect
   401                           ;	CP1 = 0x1, unprogrammed default
   402                           ;	Block 2 Code Protect
   403                           ;	CP2 = 0x1, unprogrammed default
   404                           ;	Block 3 Code Protect
   405                           ;	CP3 = 0x1, unprogrammed default
   406   300008                     	org	3145736
   407   300008  0F                 	db	15
   408                           
   409                           ;Config register CONFIG5H @ 0x300009
   410                           ;	unspecified, using default values
   411                           ;	Boot Block Code Protect
   412                           ;	CPB = 0x1, unprogrammed default
   413                           ;	Data EEPROM Code Protect
   414                           ;	CPD = 0x1, unprogrammed default
   415   300009                     	org	3145737
   416   300009  C0                 	db	192
   417                           
   418                           ;Config register CONFIG6L @ 0x30000A
   419                           ;	unspecified, using default values
   420                           ;	Block 0 Write Protect
   421                           ;	WRT0 = 0x1, unprogrammed default
   422                           ;	Block 1 Write Protect
   423                           ;	WRT1 = 0x1, unprogrammed default
   424                           ;	Block 2 Write Protect
   425                           ;	WRT2 = 0x1, unprogrammed default
   426                           ;	Block 3 Write Protect
   427                           ;	WRT3 = 0x1, unprogrammed default
   428   30000A                     	org	3145738
   429   30000A  0F                 	db	15
   430                           
   431                           ;Config register CONFIG6H @ 0x30000B
   432                           ;	unspecified, using default values
   433                           ;	Configuration Registers Write Protect
   434                           ;	WRTC = 0x1, unprogrammed default
   435                           ;	Boot Block Write Protect
   436                           ;	WRTB = 0x1, unprogrammed default
   437                           ;	Data EEPROM Write Protect
   438                           ;	WRTD = 0x1, unprogrammed default
   439   30000B                     	org	3145739
   440   30000B  E0                 	db	224
   441                           
   442                           ;Config register CONFIG7L @ 0x30000C
   443                           ;	unspecified, using default values
   444                           ;	Block 0 Table Read Protect
   445                           ;	EBTR0 = 0x1, unprogrammed default
   446                           ;	Block 1 Table Read Protect
   447                           ;	EBTR1 = 0x1, unprogrammed default
   448                           ;	Block 2 Table Read Protect
   449                           ;	EBTR2 = 0x1, unprogrammed default
   450                           ;	Block 3 Table Read Protect
   451                           ;	EBTR3 = 0x1, unprogrammed default
   452   30000C                     	org	3145740
   453   30000C  0F                 	db	15
   454                           
   455                           ;Config register CONFIG7H @ 0x30000D
   456                           ;	unspecified, using default values
   457                           ;	Boot Block Table Read Protect
   458                           ;	EBTRB = 0x1, unprogrammed default
   459   30000D                     	org	3145741
   460   30000D  40                 	db	64
   461                           tosu	equ	0xFFF
   462                           tosh	equ	0xFFE
   463                           tosl	equ	0xFFD
   464                           stkptr	equ	0xFFC
   465                           pclatu	equ	0xFFB
   466                           pclath	equ	0xFFA
   467                           pcl	equ	0xFF9
   468                           tblptru	equ	0xFF8
   469                           tblptrh	equ	0xFF7
   470                           tblptrl	equ	0xFF6
   471                           tablat	equ	0xFF5
   472                           prodh	equ	0xFF4
   473                           prodl	equ	0xFF3
   474                           indf0	equ	0xFEF
   475                           postinc0	equ	0xFEE
   476                           postdec0	equ	0xFED
   477                           preinc0	equ	0xFEC
   478                           plusw0	equ	0xFEB
   479                           fsr0h	equ	0xFEA
   480                           fsr0l	equ	0xFE9
   481                           wreg	equ	0xFE8
   482                           indf1	equ	0xFE7
   483                           postinc1	equ	0xFE6
   484                           postdec1	equ	0xFE5
   485                           preinc1	equ	0xFE4
   486                           plusw1	equ	0xFE3
   487                           fsr1h	equ	0xFE2
   488                           fsr1l	equ	0xFE1
   489                           bsr	equ	0xFE0
   490                           indf2	equ	0xFDF
   491                           postinc2	equ	0xFDE
   492                           postdec2	equ	0xFDD
   493                           preinc2	equ	0xFDC
   494                           plusw2	equ	0xFDB
   495                           fsr2h	equ	0xFDA
   496                           fsr2l	equ	0xFD9
   497                           status	equ	0xFD8

Data Sizes:
    Strings     0
    Constant    0
    Data        0
    BSS         0
    Persistent  0
    Stack       0

Auto Spaces:
    Space          Size  Autos    Used
    COMRAM           95      3       3
    BANK0           160      0       0
    BANK1           256      0       0
    BANK2           256      0       0
    BANK3           256      0       0
    BANK4           256      0       0
    BANK5           256      0       0
    BANK6           256      0       0
    BANK7           256      0       0

Pointer List with Targets:

    None.

Critical Paths under _main in COMRAM

    _main->_Transmitir

Critical Paths under _main in BANK0

    None.

Critical Paths under _main in BANK1

    None.

Critical Paths under _main in BANK2

    None.

Critical Paths under _main in BANK3

    None.

Critical Paths under _main in BANK4

    None.

Critical Paths under _main in BANK5

    None.

Critical Paths under _main in BANK6

    None.

Critical Paths under _main in BANK7

    None.

Call Graph Tables:

 ---------------------------------------------------------------------------------
 (Depth) Function   	        Calls       Base Space   Used Autos Params    Refs
 ---------------------------------------------------------------------------------
 (0) _main                                                 3     3      0      15
                                              1 COMRAM     2     2      0
                         _Transmitir
 ---------------------------------------------------------------------------------
 (1) _Transmitir                                           1     1      0      15
                                              0 COMRAM     1     1      0
 ---------------------------------------------------------------------------------
 Estimated maximum stack depth 1
 ---------------------------------------------------------------------------------

 Call Graph Graphs:

 _main (ROOT)
   _Transmitir

 Address spaces:
Name               Size   Autos  Total    Cost      Usage
BITCOMRAM           5F      0       0       0        0.0%
EEDATA             100      0       0       0        0.0%
NULL                 0      0       0       0        0.0%
CODE                 0      0       0       0        0.0%
COMRAM              5F      3       3       1        3.2%
STACK                0      0       0       2        0.0%
DATA                 0      0       0       3        0.0%
BITBANK0            A0      0       0       4        0.0%
BANK0               A0      0       0       5        0.0%
BITBANK1           100      0       0       6        0.0%
BANK1              100      0       0       7        0.0%
BITBANK2           100      0       0       8        0.0%
BANK2              100      0       0       9        0.0%
BITBANK3           100      0       0      10        0.0%
BANK3              100      0       0      11        0.0%
BITBANK4           100      0       0      12        0.0%
BANK4              100      0       0      13        0.0%
BITBANK5           100      0       0      14        0.0%
BANK5              100      0       0      15        0.0%
BITBANK6           100      0       0      16        0.0%
BANK6              100      0       0      17        0.0%
BITBANK7           100      0       0      18        0.0%
BANK7              100      0       0      19        0.0%
BITBIGSFRhhhh       47      0       0      20        0.0%
BITBIGSFRhhhl        8      0       0      21        0.0%
BITBIGSFRhlh         C      0       0      22        0.0%
BITBIGSFRhll         9      0       0      23        0.0%
BITBIGSFRl          41      0       0      24        0.0%
ABS                  0      0       0      25        0.0%
BIGRAM             7FF      0       0      26        0.0%
BIGSFR               0      0       0     200        0.0%
BITSFR_1             0      0       0     200        0.0%
SFR_1                0      0       0     200        0.0%
BITSFR               0      0       0     200        0.0%
SFR                  0      0       0     200        0.0%


Microchip Technology PIC18 Macro Assembler V2.40 build 20220703182018 
Symbol Table                                                                                   Thu May 04 15:39:32 2023

      Transmitir@BufferT 0001                       u27 7FF2                      l810 7FA6  
                    l798 7F84                      wreg 000FE8                     _RCIF 007CF5  
                   _TRMT 007D61                     _main 7F8E                     start 0000  
           ___param_bank 000000                    ?_main 0001                    _RCREG 000FAE  
                  _RCSTA 000FAB                    _SPBRG 000FAF                    _TXREG 000FAD  
                  _TXSTA 000FAC          __initialization 7F7C             __end_of_main 8000  
                 ??_main 0002            __activetblptr 000000                   _TRISC6 007CA6  
                 _TRISC7 007CA7                   isa$std 000001               _Transmitir 7F82  
             __accesstop 0060  __end_of__initialization 7F7C            ___rparam_used 000001  
         __pcstackCOMRAM 0001                  _BAUDCON 000FB8              ?_Transmitir 0001  
                __Hparam 0000                  __Lparam 0000                  __pcinit 7F7C  
                __ramtop 0800                  __ptext0 7F8E                  __ptext1 7F82  
   end_of_initialization 7F7C      start_initialization 7F7C             ??_Transmitir 0001  
     __end_of_Transmitir 7F8E                 __Hrparam 0000                 __Lrparam 0000  
               isa$xinst 000000  
